<?xml version="1.0" encoding="UTF-8"?>
<!-- Generated by org.testng.reporters.JUnitReportReporter -->
<testsuite skipped="0" hostname="TL0017" name="testcases.Logintestcase" tests="1" failures="0" timestamp="2022-09-06T16:22:11 IST" time="5.934" errors="0">
  <testcase name="runLoginPage" time="5.934" classname="testcases.Logintestcase"/>
  <system-out/>
</testsuite> <!-- testcases.Logintestcase -->
